<?xml version="1.0" encoding="UTF-8"?>
<!-- Generated by org.testng.reporters.JUnitXMLReporter -->
<testsuite ignored="0" hostname="LAPTOP-N926GS71" failures="0" tests="4" name="Default test" time="2.581" errors="0" timestamp="2022-08-18T16:09:20 IST">
  <testcase classname="restAssuredCRUD.Rest_Comments" name="getTest_Comments" time="2.305"/>
  <testcase classname="restAssuredCRUD.Rest_Comments" name="postTest_Comments" time="0.103"/>
  <testcase classname="restAssuredCRUD.Rest_Comments" name="putTest_Comments" time="0.04"/>
  <testcase classname="restAssuredCRUD.Rest_Comments" name="deleteTest_Comments" time="0.044"/>
</testsuite> <!-- Default test -->
