<?xml version="1.0" encoding="UTF-8"?>
<testng-results ignored="0" total="4" passed="4" failed="0" skipped="0">
  <reporter-output>
  </reporter-output>
  <suite started-at="2022-08-18T16:09:17 IST" name="Default suite" finished-at="2022-08-18T16:09:20 IST" duration-ms="2581">
    <groups>
    </groups>
    <test started-at="2022-08-18T16:09:17 IST" name="Default test" finished-at="2022-08-18T16:09:20 IST" duration-ms="2581">
      <class name="restAssuredCRUD.Rest_Comments">
        <test-method signature="getTest_Comments()[pri:1, instance:restAssuredCRUD.Rest_Comments@3e2e18f2]" started-at="2022-08-18T16:09:17 IST" name="getTest_Comments" finished-at="2022-08-18T16:09:19 IST" duration-ms="2305" status="PASS">
          <reporter-output>
          </reporter-output>
        </test-method> <!-- getTest_Comments -->
        <test-method signature="postTest_Comments()[pri:2, instance:restAssuredCRUD.Rest_Comments@3e2e18f2]" started-at="2022-08-18T16:09:19 IST" name="postTest_Comments" finished-at="2022-08-18T16:09:19 IST" duration-ms="103" status="PASS">
          <reporter-output>
          </reporter-output>
        </test-method> <!-- postTest_Comments -->
        <test-method signature="putTest_Comments()[pri:3, instance:restAssuredCRUD.Rest_Comments@3e2e18f2]" started-at="2022-08-18T16:09:19 IST" name="putTest_Comments" finished-at="2022-08-18T16:09:20 IST" duration-ms="40" status="PASS">
          <reporter-output>
          </reporter-output>
        </test-method> <!-- putTest_Comments -->
        <test-method signature="deleteTest_Comments()[pri:4, instance:restAssuredCRUD.Rest_Comments@3e2e18f2]" started-at="2022-08-18T16:09:20 IST" name="deleteTest_Comments" finished-at="2022-08-18T16:09:20 IST" duration-ms="44" status="PASS">
          <reporter-output>
          </reporter-output>
        </test-method> <!-- deleteTest_Comments -->
      </class> <!-- restAssuredCRUD.Rest_Comments -->
    </test> <!-- Default test -->
  </suite> <!-- Default suite -->
</testng-results>
